<?xml version="1.0" encoding="UTF-8"?>
<!-- Generated by org.testng.reporters.JUnitReportReporter -->
<testsuite hostname="LAPTOP-FRGEB7TF" failures="0" tests="2" name="SSquareIT.Framework.E2ETest2" time="16.889" errors="0" timestamp="2024-07-11T18:17:48 IST" skipped="0">
  <testcase classname="SSquareIT.Framework.E2ETest2" name="endToEndTest" time="6.856"/>
  <testcase classname="SSquareIT.Framework.E2ETest2" name="endToEndTest" time="10.033"/>
</testsuite> <!-- SSquareIT.Framework.E2ETest2 -->
