<?xml version="1.0" encoding="UTF-8"?>
<!-- Generated by org.testng.reporters.JUnitReportReporter -->
<testsuite hostname="LAPTOP-FRGEB7TF" failures="0" tests="1" name="cucumber.TestNGTestRunner" time="11.117" errors="0" timestamp="2024-07-11T19:31:15 IST" skipped="0">
  <testcase classname="cucumber.TestNGTestRunner" name="runScenario" time="11.117"/>
</testsuite> <!-- cucumber.TestNGTestRunner -->
