<?xml version="1.0" encoding="UTF-8"?>
<!-- Generated by org.testng.reporters.JUnitReportReporter -->
<testsuite hostname="LAPTOP-FRGEB7TF" failures="0" tests="1" name="SSquareIT.Framework.E2ETest" time="12.167" errors="0" timestamp="2024-07-06T11:56:29 IST" skipped="0">
  <testcase classname="SSquareIT.Framework.E2ETest" name="endToEndTest" time="12.167"/>
</testsuite> <!-- SSquareIT.Framework.E2ETest -->
